<?xml version="1.0" encoding="UTF-8"?>
<!DOCTYPE sqlMap PUBLIC "-//ibatis.apache.org//DTD SQL Map 2.0//EN" 
"http://ibatis.apache.org/dtd/sql-map-2.dtd" >

<sqlMap namespace="testDAO">
	<typeAlias alias="testVO" type="web.service.testVO" />
	
	<resultMap id="EmpList" class="web.service.testVO">
		<result property="empno" column="EMPNO" />
		<result property="ename" column="ENAME" />
		<result property="job" column="JOB" />
		<result property="mgr" column="MGR" />
		<result property="hiredate" column="HIREDATE" />
		<result property="sal" column="SAL" />
		<result property="comm" column="COMM" />
		<result property="deptno" column="DEPTNO" />
	</resultMap>
	
	<select id="testDAO.selectEmpList" parameterClass="testVO" resultMap="EmpList">
	<![CDATA[
	SELECT 
		'a' EMPNO,
		'b' ENAME,
		'h' JOB,
		'g' MGR,
		'f' HIREDATE,
		'e' SAL,
		'd' COMM,
		'c' DEPTNO
	from
		dual
	]]>
	</select>
</sqlMap>
